Кол-во кораблей в очереди: 0
Корабль Marty qwety прибыл в порт
Корабль Hydra прибыл в порт
Корабль Puma  прибыл в порт
Корабль Monster  прибыл в порт
Все причалы заняты. Корабль london отправляется в рейд.
Кол-во кораблей в очереди: 1
Корабли в очереди:
- london
Причал №3 освободился
Корабль london прибыл в порт
Причал №4 освободился
Кол-во кораблей в очереди: 0
Текущее состояие порта:
На причале №1 находится корабль Marty qwety
На причале №2 находится корабль Hydra
На причале №3 находится корабль london
Причал №4 свободен
Корабль Monster прибыл в порт
Кол-во кораблей в очереди: 0
Текущее состояие порта:
Все причалы заняты!
На причале №1 находится корабль Marty qwety
На причале №2 находится корабль Hydra
На причале №3 находится корабль london
На причале №4 находится корабль Monster
Причал №3 освободился
Причал №4 освободился
Причал №1 освободился
Причал №2 освободился
